<?xml version="1.0" encoding="UTF-8"?>
<testsuite name="com.akinnova.BookReviewGrad.BookReviewGradApplicationTests" tests="1" skipped="0" failures="0" errors="0" timestamp="2023-10-25T16:46:20" hostname="SEYI-IACADEMY" time="2.238">
  <properties/>
  <testcase name="contextLoads()" classname="com.akinnova.BookReviewGrad.BookReviewGradApplicationTests" time="2.238"/>
  <system-out><![CDATA[17:45:57,367 |-WARN in Logger[org.springframework.core.env.PropertySourcesPropertyResolver] - No appenders present in context [default] for logger [org.springframework.core.env.PropertySourcesPropertyResolver].
17:45:57,387 |-INFO in ch.qos.logback.core.model.processor.AppenderModelHandler - Processing appender named [FILE-ROLLING]
17:45:57,387 |-INFO in ch.qos.logback.core.model.processor.AppenderModelHandler - About to instantiate appender of type [ch.qos.logback.core.rolling.RollingFileAppender]
17:45:57,388 |-INFO in c.q.l.core.rolling.SizeAndTimeBasedRollingPolicy@2123681939 - setting totalSizeCap to 2 GB
17:45:57,388 |-INFO in c.q.l.core.rolling.SizeAndTimeBasedRollingPolicy@2123681939 - Archive files will be limited to [10 MB] each.
17:45:57,388 |-INFO in c.q.l.core.rolling.SizeAndTimeBasedRollingPolicy@2123681939 - Will use gz compression
17:45:57,389 |-INFO in c.q.l.core.rolling.SizeAndTimeBasedRollingPolicy@2123681939 - Will use the pattern logs/archived/app.%d{yyyy-MM-dd}.%i.log for the active file
17:45:57,389 |-INFO in ch.qos.logback.core.rolling.SizeAndTimeBasedFNATP@7c6189d5 - The date pattern is 'yyyy-MM-dd' from file name pattern 'logs/archived/app.%d{yyyy-MM-dd}.%i.log.gz'.
17:45:57,389 |-INFO in ch.qos.logback.core.rolling.SizeAndTimeBasedFNATP@7c6189d5 - Roll-over at midnight.
17:45:57,391 |-INFO in ch.qos.logback.core.rolling.SizeAndTimeBasedFNATP@7c6189d5 - Setting initial period to 2023-10-25T16:45:46.411Z
17:45:57,392 |-INFO in ch.qos.logback.core.model.processor.ImplicitModelHandler - Assuming default type [ch.qos.logback.classic.encoder.PatternLayoutEncoder] for [encoder] property
17:45:57,393 |-INFO in ch.qos.logback.core.rolling.RollingFileAppender[FILE-ROLLING] - Active log file name: logs/app.log
17:45:57,393 |-INFO in ch.qos.logback.core.rolling.RollingFileAppender[FILE-ROLLING] - File property is set to [logs/app.log]
17:45:57,393 |-INFO in ch.qos.logback.classic.model.processor.LoggerModelHandler - Setting level of logger [com.akinnova.BookReviewGrad] to DEBUG
17:45:57,395 |-INFO in ch.qos.logback.classic.jul.LevelChangePropagator@4248e66b - Propagating DEBUG level on Logger[com.akinnova.BookReviewGrad] onto the JUL framework
17:45:57,397 |-INFO in ch.qos.logback.classic.model.processor.LoggerModelHandler - Setting additivity of logger [com.akinnova.BookReviewGrad] to false
17:45:57,397 |-INFO in ch.qos.logback.core.model.processor.AppenderRefModelHandler - Attaching appender named [FILE-ROLLING] to Logger[com.akinnova.BookReviewGrad]
17:45:57,397 |-INFO in ch.qos.logback.classic.model.processor.RootLoggerModelHandler - Setting level of ROOT logger to ERROR
17:45:57,398 |-INFO in ch.qos.logback.classic.jul.LevelChangePropagator@4248e66b - Propagating ERROR level on Logger[ROOT] onto the JUL framework
17:45:57,398 |-INFO in ch.qos.logback.core.model.processor.AppenderRefModelHandler - Attaching appender named [FILE-ROLLING] to Logger[ROOT]
17:45:57,398 |-INFO in ch.qos.logback.core.model.processor.DefaultProcessor@3e6534e7 - End of configuration.
17:45:57,398 |-INFO in org.springframework.boot.logging.logback.SpringBootJoranConfigurator@66ad7bf0 - Registering current configuration as safe fallback point


  .   ____          _            __ _ _
 /\\ / ___'_ __ _ _(_)_ __  __ _ \ \ \ \
( ( )\___ | '_ | '_| | '_ \/ _` | \ \ \ \
 \\/  ___)| |_)| | | | | || (_| |  ) ) ) )
  '  |____| .__|_| |_|_| |_\__, | / / / /
 =========|_|==============|___/=/_/_/_/
 :: Spring Boot ::                (v3.1.2)

]]></system-out>
  <system-err><![CDATA[]]></system-err>
</testsuite>
